08:32:51.595 [Worker-17] INFO  o.a.AndroidAnnotationProcessor:85 - Initialize AndroidAnnotations 3.0.1 with options {phase=BUILD}
08:32:51.903 [Worker-17] INFO  o.a.AndroidAnnotationProcessor:85 - Initialize AndroidAnnotations 3.0.1 with options {phase=BUILD}
08:33:18.298 [Worker-16] INFO  o.a.AndroidAnnotationProcessor:85 - Initialize AndroidAnnotations 3.0.1 with options {phase=BUILD}
08:33:18.299 [Worker-16] INFO  o.a.AndroidAnnotationProcessor:109 - Start processing for 3 annotations on 2 elements
08:33:18.327 [Worker-16] DEBUG o.a.h.AndroidManifestFinder:137 - AndroidManifest.xml file found in parent folder C:\Users\neto.ORASYSTEMS\git\tyrus-client-android-test: C:\Users\neto.ORASYSTEMS\git\tyrus-client-android-test\AndroidManifest.xml
08:33:18.336 [Worker-16] INFO  o.a.AndroidAnnotationProcessor:172 - AndroidManifest.xml found: AndroidManifest [applicationPackage=com.example.AndroidClientTest, componentQualifiedNames=[com.example.AndroidClientTest.MyActivity], permissionQualifiedNames=[android.permission.INTERNET], applicationClassName=null, libraryProject=false, debugabble=false, minSdkVersion=9, maxSdkVersion=-1, targetSdkVersion=-1]
08:33:18.338 [Worker-16] INFO  o.a.r.ProjectRClassFinder:50 - Found project R class: com.example.AndroidClientTest.R
08:33:18.354 [Worker-16] INFO  o.a.r.AndroidRClassFinder:44 - Found Android class: android.R
08:33:18.385 [Worker-16] INFO  o.a.p.ModelValidator:42 - Validating elements
08:33:18.396 [Worker-16] DEBUG o.a.p.ModelValidator:62 - Validating with EServiceHandler: [com.example.AndroidClientTest.WebSocketService]
08:33:18.399 [Worker-16] WARN  o.a.h.AnnotationHelper:110 - The component WebSocketService_ is not registered in the AndroidManifest.xml file.
08:33:18.400 [Worker-16] DEBUG o.a.p.ModelValidator:62 - Validating with SystemServiceHandler: [notificationManager]
08:33:18.406 [Worker-16] DEBUG o.a.p.ModelValidator:62 - Validating with UiThreadHandler: [void showToast() ]
08:33:18.433 [Worker-16] INFO  o.a.p.ModelProcessor:73 - Processing root elements
08:33:18.436 [Worker-16] DEBUG o.a.p.ModelProcessor:80 - Processing root elements EServiceHandler: [com.example.AndroidClientTest.WebSocketService]
08:33:18.462 [Worker-16] INFO  o.a.p.ModelProcessor:104 - Processing enclosed elements
08:33:18.478 [Worker-16] INFO  o.a.AndroidAnnotationProcessor:251 - Number of files generated by AndroidAnnotations: 1
08:33:18.482 [Worker-16] INFO  o.a.g.ApiCodeGenerator:52 - Writting following API classes in project: []
08:33:18.504 [Worker-16] DEBUG o.a.g.SourceCodewriter:55 - Generating class: com.example.AndroidClientTest.WebSocketService_
08:33:18.529 [Worker-16] INFO  o.a.p.TimeStats:81 - Time measurements: [Whole Processing = 230 ms], [Process Annotations = 66 ms], [Generate Sources = 51 ms], [Find R Classes = 28 ms], [Validate Annotations = 27 ms], [Extract Annotations = 25 ms], [Extract Manifest = 10 ms], 
08:33:18.530 [Worker-16] INFO  o.a.AndroidAnnotationProcessor:123 - Finish processing
08:33:27.996 [Worker-15] INFO  o.a.AndroidAnnotationProcessor:85 - Initialize AndroidAnnotations 3.0.1 with options {phase=BUILD}
08:33:27.998 [Worker-15] INFO  o.a.AndroidAnnotationProcessor:109 - Start processing for 3 annotations on 2 elements
08:33:28.5 [Worker-15] DEBUG o.a.h.AndroidManifestFinder:137 - AndroidManifest.xml file found in parent folder C:\Users\neto.ORASYSTEMS\git\tyrus-client-android-test: C:\Users\neto.ORASYSTEMS\git\tyrus-client-android-test\AndroidManifest.xml
08:33:28.8 [Worker-15] INFO  o.a.AndroidAnnotationProcessor:172 - AndroidManifest.xml found: AndroidManifest [applicationPackage=com.example.AndroidClientTest, componentQualifiedNames=[com.example.AndroidClientTest.MyActivity], permissionQualifiedNames=[android.permission.INTERNET], applicationClassName=null, libraryProject=false, debugabble=false, minSdkVersion=9, maxSdkVersion=-1, targetSdkVersion=-1]
08:33:28.9 [Worker-15] INFO  o.a.r.ProjectRClassFinder:50 - Found project R class: com.example.AndroidClientTest.R
08:33:28.10 [Worker-15] INFO  o.a.r.AndroidRClassFinder:44 - Found Android class: android.R
08:33:28.20 [Worker-15] INFO  o.a.p.ModelValidator:42 - Validating elements
08:33:28.21 [Worker-15] DEBUG o.a.p.ModelValidator:62 - Validating with EServiceHandler: [com.example.AndroidClientTest.WebSocketService]
08:33:28.22 [Worker-15] WARN  o.a.h.AnnotationHelper:110 - The component WebSocketService_ is not registered in the AndroidManifest.xml file.
08:33:28.22 [Worker-15] DEBUG o.a.p.ModelValidator:62 - Validating with SystemServiceHandler: [notificationManager]
08:33:28.23 [Worker-15] DEBUG o.a.p.ModelValidator:62 - Validating with UiThreadHandler: [void showToast() ]
08:33:28.24 [Worker-15] INFO  o.a.p.ModelProcessor:73 - Processing root elements
08:33:28.24 [Worker-15] DEBUG o.a.p.ModelProcessor:80 - Processing root elements EServiceHandler: [com.example.AndroidClientTest.WebSocketService]
08:33:28.25 [Worker-15] INFO  o.a.p.ModelProcessor:104 - Processing enclosed elements
08:33:28.26 [Worker-15] INFO  o.a.AndroidAnnotationProcessor:251 - Number of files generated by AndroidAnnotations: 1
08:33:28.26 [Worker-15] INFO  o.a.g.ApiCodeGenerator:52 - Writting following API classes in project: []
08:33:28.27 [Worker-15] DEBUG o.a.g.SourceCodewriter:55 - Generating class: com.example.AndroidClientTest.WebSocketService_
08:33:28.35 [Worker-15] INFO  o.a.p.TimeStats:81 - Time measurements: [Whole Processing = 37 ms], [Find R Classes = 11 ms], [Generate Sources = 9 ms], [Extract Annotations = 7 ms], [Validate Annotations = 4 ms], [Extract Manifest = 3 ms], [Process Annotations = 2 ms], 
08:33:28.36 [Worker-15] INFO  o.a.AndroidAnnotationProcessor:123 - Finish processing
08:33:34.298 [Worker-21] INFO  o.a.AndroidAnnotationProcessor:85 - Initialize AndroidAnnotations 3.0.1 with options {phase=BUILD}
08:33:34.299 [Worker-21] INFO  o.a.AndroidAnnotationProcessor:109 - Start processing for 3 annotations on 2 elements
08:33:34.307 [Worker-21] DEBUG o.a.h.AndroidManifestFinder:137 - AndroidManifest.xml file found in parent folder C:\Users\neto.ORASYSTEMS\git\tyrus-client-android-test: C:\Users\neto.ORASYSTEMS\git\tyrus-client-android-test\AndroidManifest.xml
08:33:34.310 [Worker-21] INFO  o.a.AndroidAnnotationProcessor:172 - AndroidManifest.xml found: AndroidManifest [applicationPackage=com.example.AndroidClientTest, componentQualifiedNames=[com.example.AndroidClientTest.MyActivity], permissionQualifiedNames=[android.permission.INTERNET], applicationClassName=null, libraryProject=false, debugabble=false, minSdkVersion=9, maxSdkVersion=-1, targetSdkVersion=-1]
08:33:34.310 [Worker-21] INFO  o.a.r.ProjectRClassFinder:50 - Found project R class: com.example.AndroidClientTest.R
08:33:34.311 [Worker-21] INFO  o.a.r.AndroidRClassFinder:44 - Found Android class: android.R
08:33:34.322 [Worker-21] INFO  o.a.p.ModelValidator:42 - Validating elements
08:33:34.323 [Worker-21] DEBUG o.a.p.ModelValidator:62 - Validating with EServiceHandler: [com.example.AndroidClientTest.WebSocketService]
08:33:34.324 [Worker-21] WARN  o.a.h.AnnotationHelper:110 - The component WebSocketService_ is not registered in the AndroidManifest.xml file.
08:33:34.324 [Worker-21] DEBUG o.a.p.ModelValidator:62 - Validating with SystemServiceHandler: [notificationManager]
08:33:34.325 [Worker-21] DEBUG o.a.p.ModelValidator:62 - Validating with UiThreadHandler: [void showToast() ]
08:33:34.326 [Worker-21] INFO  o.a.p.ModelProcessor:73 - Processing root elements
08:33:34.326 [Worker-21] DEBUG o.a.p.ModelProcessor:80 - Processing root elements EServiceHandler: [com.example.AndroidClientTest.WebSocketService]
08:33:34.327 [Worker-21] INFO  o.a.p.ModelProcessor:104 - Processing enclosed elements
08:33:34.328 [Worker-21] INFO  o.a.AndroidAnnotationProcessor:251 - Number of files generated by AndroidAnnotations: 1
08:33:34.328 [Worker-21] INFO  o.a.g.ApiCodeGenerator:52 - Writting following API classes in project: []
08:33:34.329 [Worker-21] DEBUG o.a.g.SourceCodewriter:55 - Generating class: com.example.AndroidClientTest.WebSocketService_
08:33:34.373 [Worker-21] INFO  o.a.p.TimeStats:81 - Time measurements: [Whole Processing = 74 ms], [Generate Sources = 45 ms], [Find R Classes = 12 ms], [Extract Annotations = 7 ms], [Validate Annotations = 4 ms], [Extract Manifest = 3 ms], [Process Annotations = 2 ms], 
08:33:34.374 [Worker-21] INFO  o.a.AndroidAnnotationProcessor:123 - Finish processing
08:34:00.282 [Worker-20] INFO  o.a.AndroidAnnotationProcessor:85 - Initialize AndroidAnnotations 3.0.1 with options {phase=BUILD}
08:34:00.286 [Worker-20] INFO  o.a.AndroidAnnotationProcessor:109 - Start processing for 3 annotations on 1 elements
08:34:00.297 [Worker-20] DEBUG o.a.h.AndroidManifestFinder:137 - AndroidManifest.xml file found in parent folder C:\Users\neto.ORASYSTEMS\git\tyrus-client-android-test: C:\Users\neto.ORASYSTEMS\git\tyrus-client-android-test\AndroidManifest.xml
08:34:00.301 [Worker-20] INFO  o.a.AndroidAnnotationProcessor:172 - AndroidManifest.xml found: AndroidManifest [applicationPackage=com.example.AndroidClientTest, componentQualifiedNames=[com.example.AndroidClientTest.MyActivity], permissionQualifiedNames=[android.permission.INTERNET], applicationClassName=null, libraryProject=false, debugabble=false, minSdkVersion=9, maxSdkVersion=-1, targetSdkVersion=-1]
08:34:00.302 [Worker-20] INFO  o.a.r.ProjectRClassFinder:50 - Found project R class: com.example.AndroidClientTest.R
08:34:00.305 [Worker-20] INFO  o.a.r.AndroidRClassFinder:44 - Found Android class: android.R
08:34:00.318 [Worker-20] INFO  o.a.p.ModelValidator:42 - Validating elements
08:34:00.319 [Worker-20] DEBUG o.a.p.ModelValidator:62 - Validating with EServiceHandler: [com.example.AndroidClientTest.WebSocketService]
08:34:00.321 [Worker-20] WARN  o.a.h.AnnotationHelper:110 - The component WebSocketService_ is not registered in the AndroidManifest.xml file.
08:34:00.321 [Worker-20] DEBUG o.a.p.ModelValidator:62 - Validating with SystemServiceHandler: [notificationManager]
08:34:00.323 [Worker-20] DEBUG o.a.p.ModelValidator:62 - Validating with UiThreadHandler: [void showToast() ]
08:34:00.325 [Worker-20] INFO  o.a.p.ModelProcessor:73 - Processing root elements
08:34:00.326 [Worker-20] DEBUG o.a.p.ModelProcessor:80 - Processing root elements EServiceHandler: [com.example.AndroidClientTest.WebSocketService]
08:34:00.328 [Worker-20] INFO  o.a.p.ModelProcessor:104 - Processing enclosed elements
08:34:00.330 [Worker-20] INFO  o.a.AndroidAnnotationProcessor:251 - Number of files generated by AndroidAnnotations: 1
08:34:00.331 [Worker-20] INFO  o.a.g.ApiCodeGenerator:52 - Writting following API classes in project: []
08:34:00.333 [Worker-20] DEBUG o.a.g.SourceCodewriter:55 - Generating class: com.example.AndroidClientTest.WebSocketService_
08:34:00.340 [Worker-20] INFO  o.a.p.TimeStats:81 - Time measurements: [Whole Processing = 54 ms], [Find R Classes = 16 ms], [Generate Sources = 10 ms], [Extract Annotations = 9 ms], [Validate Annotations = 7 ms], [Extract Manifest = 5 ms], [Process Annotations = 5 ms], 
08:34:00.341 [Worker-20] INFO  o.a.AndroidAnnotationProcessor:123 - Finish processing
08:34:11.914 [Worker-15] INFO  o.a.AndroidAnnotationProcessor:85 - Initialize AndroidAnnotations 3.0.1 with options {phase=BUILD}
08:34:11.916 [Worker-15] INFO  o.a.AndroidAnnotationProcessor:109 - Start processing for 4 annotations on 1 elements
08:34:11.927 [Worker-15] DEBUG o.a.h.AndroidManifestFinder:137 - AndroidManifest.xml file found in parent folder C:\Users\neto.ORASYSTEMS\git\tyrus-client-android-test: C:\Users\neto.ORASYSTEMS\git\tyrus-client-android-test\AndroidManifest.xml
08:34:11.944 [Worker-15] INFO  o.a.AndroidAnnotationProcessor:172 - AndroidManifest.xml found: AndroidManifest [applicationPackage=com.example.AndroidClientTest, componentQualifiedNames=[com.example.AndroidClientTest.MyActivity], permissionQualifiedNames=[android.permission.INTERNET], applicationClassName=null, libraryProject=false, debugabble=false, minSdkVersion=9, maxSdkVersion=-1, targetSdkVersion=-1]
08:34:11.945 [Worker-15] INFO  o.a.r.ProjectRClassFinder:50 - Found project R class: com.example.AndroidClientTest.R
08:34:11.950 [Worker-15] INFO  o.a.r.AndroidRClassFinder:44 - Found Android class: android.R
08:34:11.964 [Worker-15] INFO  o.a.p.ModelValidator:42 - Validating elements
08:34:11.966 [Worker-15] DEBUG o.a.p.ModelValidator:62 - Validating with EServiceHandler: [com.example.AndroidClientTest.WebSocketService]
08:34:11.969 [Worker-15] WARN  o.a.h.AnnotationHelper:110 - The component WebSocketService_ is not registered in the AndroidManifest.xml file.
08:34:11.969 [Worker-15] DEBUG o.a.p.ModelValidator:62 - Validating with SystemServiceHandler: [notificationManager]
08:34:11.972 [Worker-15] DEBUG o.a.p.ModelValidator:62 - Validating with UiThreadHandler: [void showToast() ]
08:34:11.973 [Worker-15] DEBUG o.a.p.ModelValidator:62 - Validating with BackgroundHandler: [protected void onHandleIntent(android.content.Intent) ]
08:34:11.976 [Worker-15] INFO  o.a.p.ModelProcessor:73 - Processing root elements
08:34:11.977 [Worker-15] DEBUG o.a.p.ModelProcessor:80 - Processing root elements EServiceHandler: [com.example.AndroidClientTest.WebSocketService]
08:34:11.978 [Worker-15] INFO  o.a.p.ModelProcessor:104 - Processing enclosed elements
08:34:11.986 [Worker-15] INFO  o.a.AndroidAnnotationProcessor:251 - Number of files generated by AndroidAnnotations: 1
08:34:11.991 [Worker-15] INFO  o.a.g.ApiCodeGenerator:52 - Writting following API classes in project: []
08:34:12.3 [Worker-15] DEBUG o.a.g.SourceCodewriter:55 - Generating class: com.example.AndroidClientTest.WebSocketService_
08:34:12.34 [Worker-15] INFO  o.a.p.TimeStats:81 - Time measurements: [Whole Processing = 118 ms], [Generate Sources = 48 ms], [Find R Classes = 19 ms], [Extract Manifest = 17 ms], [Validate Annotations = 11 ms], [Process Annotations = 11 ms], [Extract Annotations = 10 ms], 
08:34:12.35 [Worker-15] INFO  o.a.AndroidAnnotationProcessor:123 - Finish processing
08:35:02.704 [Worker-16] INFO  o.a.AndroidAnnotationProcessor:85 - Initialize AndroidAnnotations 3.0.1 with options {phase=BUILD}
08:37:00.130 [Worker-18] INFO  o.a.AndroidAnnotationProcessor:85 - Initialize AndroidAnnotations 3.0.1 with options {phase=BUILD}
08:37:10.447 [Worker-12] INFO  o.a.AndroidAnnotationProcessor:85 - Initialize AndroidAnnotations 3.0.1 with options {phase=BUILD}
08:37:16.707 [Worker-13] INFO  o.a.AndroidAnnotationProcessor:85 - Initialize AndroidAnnotations 3.0.1 with options {phase=BUILD}
08:37:16.709 [Worker-13] INFO  o.a.AndroidAnnotationProcessor:109 - Start processing for 4 annotations on 1 elements
08:37:16.718 [Worker-13] DEBUG o.a.h.AndroidManifestFinder:137 - AndroidManifest.xml file found in parent folder C:\Users\neto.ORASYSTEMS\git\tyrus-client-android-test: C:\Users\neto.ORASYSTEMS\git\tyrus-client-android-test\AndroidManifest.xml
08:37:16.722 [Worker-13] INFO  o.a.AndroidAnnotationProcessor:172 - AndroidManifest.xml found: AndroidManifest [applicationPackage=com.example.AndroidClientTest, componentQualifiedNames=[com.example.AndroidClientTest.MyActivity, com.example.AndroidClientTest.WebSocketService_], permissionQualifiedNames=[android.permission.INTERNET], applicationClassName=null, libraryProject=false, debugabble=false, minSdkVersion=9, maxSdkVersion=-1, targetSdkVersion=-1]
08:37:16.724 [Worker-13] INFO  o.a.r.ProjectRClassFinder:50 - Found project R class: com.example.AndroidClientTest.R
08:37:16.727 [Worker-13] INFO  o.a.r.AndroidRClassFinder:44 - Found Android class: android.R
08:37:16.741 [Worker-13] INFO  o.a.p.ModelValidator:42 - Validating elements
08:37:16.742 [Worker-13] DEBUG o.a.p.ModelValidator:62 - Validating with EServiceHandler: [com.example.AndroidClientTest.WebSocketService]
08:37:16.743 [Worker-13] DEBUG o.a.p.ModelValidator:62 - Validating with SystemServiceHandler: [notificationManager]
08:37:16.744 [Worker-13] DEBUG o.a.p.ModelValidator:62 - Validating with UiThreadHandler: [void showToast() ]
08:37:16.745 [Worker-13] DEBUG o.a.p.ModelValidator:62 - Validating with BackgroundHandler: [protected void onHandleIntent(android.content.Intent) ]
08:37:16.746 [Worker-13] INFO  o.a.p.ModelProcessor:73 - Processing root elements
08:37:16.747 [Worker-13] DEBUG o.a.p.ModelProcessor:80 - Processing root elements EServiceHandler: [com.example.AndroidClientTest.WebSocketService]
08:37:16.748 [Worker-13] INFO  o.a.p.ModelProcessor:104 - Processing enclosed elements
08:37:16.749 [Worker-13] INFO  o.a.AndroidAnnotationProcessor:251 - Number of files generated by AndroidAnnotations: 1
08:37:16.749 [Worker-13] INFO  o.a.g.ApiCodeGenerator:52 - Writting following API classes in project: []
08:37:16.750 [Worker-13] DEBUG o.a.g.SourceCodewriter:55 - Generating class: com.example.AndroidClientTest.WebSocketService_
08:37:16.756 [Worker-13] INFO  o.a.p.TimeStats:81 - Time measurements: [Whole Processing = 47 ms], [Find R Classes = 17 ms], [Extract Annotations = 8 ms], [Generate Sources = 7 ms], [Validate Annotations = 5 ms], [Extract Manifest = 4 ms], [Process Annotations = 3 ms], 
08:37:16.757 [Worker-13] INFO  o.a.AndroidAnnotationProcessor:123 - Finish processing
08:39:27.597 [Worker-23] INFO  o.a.AndroidAnnotationProcessor:85 - Initialize AndroidAnnotations 3.0.1 with options {phase=BUILD}
08:42:42.904 [Worker-26] INFO  o.a.AndroidAnnotationProcessor:85 - Initialize AndroidAnnotations 3.0.1 with options {phase=BUILD}
08:42:42.908 [Worker-26] INFO  o.a.AndroidAnnotationProcessor:109 - Start processing for 3 annotations on 1 elements
08:42:42.919 [Worker-26] DEBUG o.a.h.AndroidManifestFinder:137 - AndroidManifest.xml file found in parent folder C:\Users\neto.ORASYSTEMS\git\tyrus-client-android-test: C:\Users\neto.ORASYSTEMS\git\tyrus-client-android-test\AndroidManifest.xml
08:42:42.923 [Worker-26] INFO  o.a.AndroidAnnotationProcessor:172 - AndroidManifest.xml found: AndroidManifest [applicationPackage=com.example.AndroidClientTest, componentQualifiedNames=[com.example.AndroidClientTest.MyActivity, com.example.AndroidClientTest.WebSocketService_], permissionQualifiedNames=[android.permission.INTERNET], applicationClassName=null, libraryProject=false, debugabble=false, minSdkVersion=9, maxSdkVersion=-1, targetSdkVersion=19]
08:42:42.925 [Worker-26] INFO  o.a.r.ProjectRClassFinder:50 - Found project R class: com.example.AndroidClientTest.R
08:42:42.928 [Worker-26] INFO  o.a.r.AndroidRClassFinder:44 - Found Android class: android.R
08:42:42.934 [Worker-26] INFO  o.a.p.ModelValidator:42 - Validating elements
08:42:42.935 [Worker-26] DEBUG o.a.p.ModelValidator:62 - Validating with EServiceHandler: [com.example.AndroidClientTest.WebSocketService]
08:42:42.936 [Worker-26] DEBUG o.a.p.ModelValidator:62 - Validating with SystemServiceHandler: [notificationManager]
08:42:42.937 [Worker-26] DEBUG o.a.p.ModelValidator:62 - Validating with UiThreadHandler: [void showToast() ]
08:42:42.938 [Worker-26] INFO  o.a.p.ModelProcessor:73 - Processing root elements
08:42:42.939 [Worker-26] DEBUG o.a.p.ModelProcessor:80 - Processing root elements EServiceHandler: [com.example.AndroidClientTest.WebSocketService]
08:42:42.939 [Worker-26] INFO  o.a.p.ModelProcessor:104 - Processing enclosed elements
08:42:42.940 [Worker-26] INFO  o.a.AndroidAnnotationProcessor:251 - Number of files generated by AndroidAnnotations: 1
08:42:42.941 [Worker-26] INFO  o.a.g.ApiCodeGenerator:52 - Writting following API classes in project: []
08:42:42.941 [Worker-26] DEBUG o.a.g.SourceCodewriter:55 - Generating class: com.example.AndroidClientTest.WebSocketService_
08:42:42.952 [Worker-26] INFO  o.a.p.TimeStats:81 - Time measurements: [Whole Processing = 44 ms], [Generate Sources = 12 ms], [Extract Annotations = 10 ms], [Find R Classes = 10 ms], [Extract Manifest = 4 ms], [Validate Annotations = 4 ms], [Process Annotations = 2 ms], 
08:42:42.953 [Worker-26] INFO  o.a.AndroidAnnotationProcessor:123 - Finish processing
08:44:16.418 [Worker-6] INFO  o.a.AndroidAnnotationProcessor:85 - Initialize AndroidAnnotations 3.0.1 with options {phase=BUILD}
08:47:05.365 [Worker-11] INFO  o.a.AndroidAnnotationProcessor:85 - Initialize AndroidAnnotations 3.0.1 with options {phase=BUILD}
08:47:05.369 [Worker-11] INFO  o.a.AndroidAnnotationProcessor:109 - Start processing for 3 annotations on 1 elements
08:47:05.393 [Worker-11] DEBUG o.a.h.AndroidManifestFinder:137 - AndroidManifest.xml file found in parent folder C:\Users\neto.ORASYSTEMS\git\tyrus-client-android-test: C:\Users\neto.ORASYSTEMS\git\tyrus-client-android-test\AndroidManifest.xml
08:47:05.399 [Worker-11] INFO  o.a.AndroidAnnotationProcessor:172 - AndroidManifest.xml found: AndroidManifest [applicationPackage=com.example.AndroidClientTest, componentQualifiedNames=[com.example.AndroidClientTest.MyActivity, com.example.AndroidClientTest.WebSocketService_], permissionQualifiedNames=[android.permission.INTERNET], applicationClassName=null, libraryProject=false, debugabble=false, minSdkVersion=9, maxSdkVersion=-1, targetSdkVersion=19]
08:47:05.401 [Worker-11] INFO  o.a.r.ProjectRClassFinder:50 - Found project R class: com.example.AndroidClientTest.R
08:47:05.410 [Worker-11] INFO  o.a.r.AndroidRClassFinder:44 - Found Android class: android.R
08:47:05.443 [Worker-11] INFO  o.a.p.ModelValidator:42 - Validating elements
08:47:05.444 [Worker-11] DEBUG o.a.p.ModelValidator:62 - Validating with EServiceHandler: [com.example.AndroidClientTest.WebSocketService]
08:47:05.446 [Worker-11] DEBUG o.a.p.ModelValidator:62 - Validating with SystemServiceHandler: [notificationManager]
08:47:05.450 [Worker-11] DEBUG o.a.p.ModelValidator:62 - Validating with UiThreadHandler: [void showToast() ]
08:47:05.463 [Worker-11] INFO  o.a.p.ModelProcessor:73 - Processing root elements
08:47:05.464 [Worker-11] DEBUG o.a.p.ModelProcessor:80 - Processing root elements EServiceHandler: [com.example.AndroidClientTest.WebSocketService]
08:47:05.478 [Worker-11] INFO  o.a.p.ModelProcessor:104 - Processing enclosed elements
08:47:05.486 [Worker-11] INFO  o.a.AndroidAnnotationProcessor:251 - Number of files generated by AndroidAnnotations: 1
08:47:05.489 [Worker-11] INFO  o.a.g.ApiCodeGenerator:52 - Writting following API classes in project: []
08:47:05.491 [Worker-11] DEBUG o.a.g.SourceCodewriter:55 - Generating class: com.example.AndroidClientTest.WebSocketService_
08:47:05.505 [Worker-11] INFO  o.a.p.TimeStats:81 - Time measurements: [Whole Processing = 136 ms], [Process Annotations = 34 ms], [Find R Classes = 30 ms], [Extract Annotations = 19 ms], [Generate Sources = 19 ms], [Validate Annotations = 10 ms], [Extract Manifest = 8 ms], 
08:47:05.506 [Worker-11] INFO  o.a.AndroidAnnotationProcessor:123 - Finish processing
08:48:44.602 [Worker-6] INFO  o.a.AndroidAnnotationProcessor:85 - Initialize AndroidAnnotations 3.0.1 with options {phase=BUILD}
08:48:44.604 [Worker-6] INFO  o.a.AndroidAnnotationProcessor:109 - Start processing for 3 annotations on 1 elements
08:48:44.616 [Worker-6] DEBUG o.a.h.AndroidManifestFinder:137 - AndroidManifest.xml file found in parent folder C:\Users\neto.ORASYSTEMS\git\tyrus-client-android-test: C:\Users\neto.ORASYSTEMS\git\tyrus-client-android-test\AndroidManifest.xml
08:48:44.619 [Worker-6] INFO  o.a.AndroidAnnotationProcessor:172 - AndroidManifest.xml found: AndroidManifest [applicationPackage=com.example.AndroidClientTest, componentQualifiedNames=[com.example.AndroidClientTest.MyActivity, com.example.AndroidClientTest.WebSocketService_], permissionQualifiedNames=[android.permission.INTERNET], applicationClassName=null, libraryProject=false, debugabble=false, minSdkVersion=9, maxSdkVersion=-1, targetSdkVersion=19]
08:48:44.621 [Worker-6] INFO  o.a.r.ProjectRClassFinder:50 - Found project R class: com.example.AndroidClientTest.R
08:48:44.624 [Worker-6] INFO  o.a.r.AndroidRClassFinder:44 - Found Android class: android.R
08:48:44.647 [Worker-6] INFO  o.a.p.ModelValidator:42 - Validating elements
08:48:44.648 [Worker-6] DEBUG o.a.p.ModelValidator:62 - Validating with EServiceHandler: [com.example.AndroidClientTest.WebSocketService]
08:48:44.649 [Worker-6] DEBUG o.a.p.ModelValidator:62 - Validating with SystemServiceHandler: [notificationManager]
08:48:44.652 [Worker-6] DEBUG o.a.p.ModelValidator:62 - Validating with UiThreadHandler: [void showToast() ]
08:48:44.654 [Worker-6] INFO  o.a.p.ModelProcessor:73 - Processing root elements
08:48:44.656 [Worker-6] DEBUG o.a.p.ModelProcessor:80 - Processing root elements EServiceHandler: [com.example.AndroidClientTest.WebSocketService]
08:48:44.659 [Worker-6] INFO  o.a.p.ModelProcessor:104 - Processing enclosed elements
08:48:44.662 [Worker-6] INFO  o.a.AndroidAnnotationProcessor:251 - Number of files generated by AndroidAnnotations: 1
08:48:44.664 [Worker-6] INFO  o.a.g.ApiCodeGenerator:52 - Writting following API classes in project: []
08:48:44.675 [Worker-6] DEBUG o.a.g.SourceCodewriter:55 - Generating class: com.example.AndroidClientTest.WebSocketService_
08:48:44.684 [Worker-6] INFO  o.a.p.TimeStats:81 - Time measurements: [Whole Processing = 80 ms], [Find R Classes = 27 ms], [Generate Sources = 22 ms], [Extract Annotations = 10 ms], [Process Annotations = 8 ms], [Validate Annotations = 7 ms], [Extract Manifest = 3 ms], 
08:48:44.685 [Worker-6] INFO  o.a.AndroidAnnotationProcessor:123 - Finish processing
08:53:11.208 [Worker-12] INFO  o.a.AndroidAnnotationProcessor:85 - Initialize AndroidAnnotations 3.0.1 with options {phase=BUILD}
08:53:11.211 [Worker-12] INFO  o.a.AndroidAnnotationProcessor:109 - Start processing for 3 annotations on 1 elements
08:53:11.221 [Worker-12] DEBUG o.a.h.AndroidManifestFinder:137 - AndroidManifest.xml file found in parent folder C:\Users\neto.ORASYSTEMS\git\tyrus-client-android-test: C:\Users\neto.ORASYSTEMS\git\tyrus-client-android-test\AndroidManifest.xml
08:53:11.224 [Worker-12] INFO  o.a.AndroidAnnotationProcessor:172 - AndroidManifest.xml found: AndroidManifest [applicationPackage=com.example.AndroidClientTest, componentQualifiedNames=[com.example.AndroidClientTest.MyActivity, com.example.AndroidClientTest.WebSocketService_], permissionQualifiedNames=[android.permission.INTERNET], applicationClassName=null, libraryProject=false, debugabble=false, minSdkVersion=9, maxSdkVersion=-1, targetSdkVersion=19]
08:53:11.226 [Worker-12] INFO  o.a.r.ProjectRClassFinder:50 - Found project R class: com.example.AndroidClientTest.R
08:53:11.228 [Worker-12] INFO  o.a.r.AndroidRClassFinder:44 - Found Android class: android.R
08:53:11.241 [Worker-12] INFO  o.a.p.ModelValidator:42 - Validating elements
08:53:11.242 [Worker-12] DEBUG o.a.p.ModelValidator:62 - Validating with EServiceHandler: [com.example.AndroidClientTest.WebSocketService]
08:53:11.243 [Worker-12] DEBUG o.a.p.ModelValidator:62 - Validating with SystemServiceHandler: [notificationManager]
08:53:11.243 [Worker-12] DEBUG o.a.p.ModelValidator:62 - Validating with UiThreadHandler: [void showToast() ]
08:53:11.244 [Worker-12] INFO  o.a.p.ModelProcessor:73 - Processing root elements
08:53:11.244 [Worker-12] DEBUG o.a.p.ModelProcessor:80 - Processing root elements EServiceHandler: [com.example.AndroidClientTest.WebSocketService]
08:53:11.245 [Worker-12] INFO  o.a.p.ModelProcessor:104 - Processing enclosed elements
08:53:11.246 [Worker-12] INFO  o.a.AndroidAnnotationProcessor:251 - Number of files generated by AndroidAnnotations: 1
08:53:11.246 [Worker-12] INFO  o.a.g.ApiCodeGenerator:52 - Writting following API classes in project: []
08:53:11.247 [Worker-12] DEBUG o.a.g.SourceCodewriter:55 - Generating class: com.example.AndroidClientTest.WebSocketService_
08:53:11.252 [Worker-12] INFO  o.a.p.TimeStats:81 - Time measurements: [Whole Processing = 40 ms], [Find R Classes = 16 ms], [Extract Annotations = 8 ms], [Generate Sources = 5 ms], [Extract Manifest = 4 ms], [Validate Annotations = 3 ms], [Process Annotations = 2 ms], 
08:53:11.252 [Worker-12] INFO  o.a.AndroidAnnotationProcessor:123 - Finish processing
08:54:48.613 [Worker-16] INFO  o.a.AndroidAnnotationProcessor:85 - Initialize AndroidAnnotations 3.0.1 with options {phase=BUILD}
08:54:48.614 [Worker-16] INFO  o.a.AndroidAnnotationProcessor:109 - Start processing for 3 annotations on 1 elements
08:54:48.622 [Worker-16] DEBUG o.a.h.AndroidManifestFinder:137 - AndroidManifest.xml file found in parent folder C:\Users\neto.ORASYSTEMS\git\tyrus-client-android-test: C:\Users\neto.ORASYSTEMS\git\tyrus-client-android-test\AndroidManifest.xml
08:54:48.624 [Worker-16] INFO  o.a.AndroidAnnotationProcessor:172 - AndroidManifest.xml found: AndroidManifest [applicationPackage=com.example.AndroidClientTest, componentQualifiedNames=[com.example.AndroidClientTest.MyActivity, com.example.AndroidClientTest.WebSocketService_], permissionQualifiedNames=[android.permission.INTERNET], applicationClassName=null, libraryProject=false, debugabble=false, minSdkVersion=9, maxSdkVersion=-1, targetSdkVersion=19]
08:54:48.625 [Worker-16] INFO  o.a.r.ProjectRClassFinder:50 - Found project R class: com.example.AndroidClientTest.R
08:54:48.627 [Worker-16] INFO  o.a.r.AndroidRClassFinder:44 - Found Android class: android.R
08:54:48.637 [Worker-16] INFO  o.a.p.ModelValidator:42 - Validating elements
08:54:48.638 [Worker-16] DEBUG o.a.p.ModelValidator:62 - Validating with EServiceHandler: [com.example.AndroidClientTest.WebSocketService]
08:54:48.639 [Worker-16] DEBUG o.a.p.ModelValidator:62 - Validating with SystemServiceHandler: [notificationManager]
08:54:48.639 [Worker-16] DEBUG o.a.p.ModelValidator:62 - Validating with UiThreadHandler: [void showToast() ]
08:54:48.640 [Worker-16] INFO  o.a.p.ModelProcessor:73 - Processing root elements
08:54:48.641 [Worker-16] DEBUG o.a.p.ModelProcessor:80 - Processing root elements EServiceHandler: [com.example.AndroidClientTest.WebSocketService]
08:54:48.642 [Worker-16] INFO  o.a.p.ModelProcessor:104 - Processing enclosed elements
08:54:48.643 [Worker-16] INFO  o.a.AndroidAnnotationProcessor:251 - Number of files generated by AndroidAnnotations: 1
08:54:48.643 [Worker-16] INFO  o.a.g.ApiCodeGenerator:52 - Writting following API classes in project: []
08:54:48.643 [Worker-16] DEBUG o.a.g.SourceCodewriter:55 - Generating class: com.example.AndroidClientTest.WebSocketService_
08:54:48.648 [Worker-16] INFO  o.a.p.TimeStats:81 - Time measurements: [Whole Processing = 34 ms], [Find R Classes = 12 ms], [Extract Annotations = 7 ms], [Generate Sources = 5 ms], [Extract Manifest = 3 ms], [Validate Annotations = 3 ms], [Process Annotations = 3 ms], 
08:54:48.648 [Worker-16] INFO  o.a.AndroidAnnotationProcessor:123 - Finish processing
08:55:59.903 [Worker-15] INFO  o.a.AndroidAnnotationProcessor:85 - Initialize AndroidAnnotations 3.0.1 with options {phase=BUILD}
08:55:59.904 [Worker-15] INFO  o.a.AndroidAnnotationProcessor:109 - Start processing for 3 annotations on 1 elements
08:55:59.912 [Worker-15] DEBUG o.a.h.AndroidManifestFinder:137 - AndroidManifest.xml file found in parent folder C:\Users\neto.ORASYSTEMS\git\tyrus-client-android-test: C:\Users\neto.ORASYSTEMS\git\tyrus-client-android-test\AndroidManifest.xml
08:55:59.915 [Worker-15] INFO  o.a.AndroidAnnotationProcessor:172 - AndroidManifest.xml found: AndroidManifest [applicationPackage=com.example.AndroidClientTest, componentQualifiedNames=[com.example.AndroidClientTest.MyActivity, com.example.AndroidClientTest.WebSocketService_], permissionQualifiedNames=[android.permission.INTERNET], applicationClassName=null, libraryProject=false, debugabble=false, minSdkVersion=9, maxSdkVersion=-1, targetSdkVersion=19]
08:55:59.915 [Worker-15] INFO  o.a.r.ProjectRClassFinder:50 - Found project R class: com.example.AndroidClientTest.R
08:55:59.917 [Worker-15] INFO  o.a.r.AndroidRClassFinder:44 - Found Android class: android.R
08:55:59.926 [Worker-15] INFO  o.a.p.ModelValidator:42 - Validating elements
08:55:59.927 [Worker-15] DEBUG o.a.p.ModelValidator:62 - Validating with EServiceHandler: [com.example.AndroidClientTest.WebSocketService]
08:55:59.928 [Worker-15] DEBUG o.a.p.ModelValidator:62 - Validating with SystemServiceHandler: [notificationManager]
08:55:59.929 [Worker-15] DEBUG o.a.p.ModelValidator:62 - Validating with UiThreadHandler: [void showToast() ]
08:55:59.930 [Worker-15] INFO  o.a.p.ModelProcessor:73 - Processing root elements
08:55:59.931 [Worker-15] DEBUG o.a.p.ModelProcessor:80 - Processing root elements EServiceHandler: [com.example.AndroidClientTest.WebSocketService]
08:55:59.932 [Worker-15] INFO  o.a.p.ModelProcessor:104 - Processing enclosed elements
08:55:59.933 [Worker-15] INFO  o.a.AndroidAnnotationProcessor:251 - Number of files generated by AndroidAnnotations: 1
08:55:59.933 [Worker-15] INFO  o.a.g.ApiCodeGenerator:52 - Writting following API classes in project: []
08:55:59.934 [Worker-15] DEBUG o.a.g.SourceCodewriter:55 - Generating class: com.example.AndroidClientTest.WebSocketService_
08:55:59.939 [Worker-15] INFO  o.a.p.TimeStats:81 - Time measurements: [Whole Processing = 35 ms], [Find R Classes = 11 ms], [Extract Annotations = 7 ms], [Generate Sources = 6 ms], [Validate Annotations = 4 ms], [Extract Manifest = 3 ms], [Process Annotations = 3 ms], 
08:55:59.939 [Worker-15] INFO  o.a.AndroidAnnotationProcessor:123 - Finish processing
08:56:10.826 [Worker-22] INFO  o.a.AndroidAnnotationProcessor:85 - Initialize AndroidAnnotations 3.0.1 with options {phase=BUILD}
08:56:10.828 [Worker-22] INFO  o.a.AndroidAnnotationProcessor:109 - Start processing for 3 annotations on 2 elements
08:56:10.837 [Worker-22] DEBUG o.a.h.AndroidManifestFinder:137 - AndroidManifest.xml file found in parent folder C:\Users\neto.ORASYSTEMS\git\tyrus-client-android-test: C:\Users\neto.ORASYSTEMS\git\tyrus-client-android-test\AndroidManifest.xml
08:56:10.840 [Worker-22] INFO  o.a.AndroidAnnotationProcessor:172 - AndroidManifest.xml found: AndroidManifest [applicationPackage=com.example.AndroidClientTest, componentQualifiedNames=[com.example.AndroidClientTest.MyActivity, com.example.AndroidClientTest.WebSocketService_], permissionQualifiedNames=[android.permission.INTERNET], applicationClassName=null, libraryProject=false, debugabble=false, minSdkVersion=9, maxSdkVersion=-1, targetSdkVersion=19]
08:56:10.841 [Worker-22] INFO  o.a.r.ProjectRClassFinder:50 - Found project R class: com.example.AndroidClientTest.R
08:56:10.842 [Worker-22] INFO  o.a.r.AndroidRClassFinder:44 - Found Android class: android.R
08:56:10.855 [Worker-22] INFO  o.a.p.ModelValidator:42 - Validating elements
08:56:10.856 [Worker-22] DEBUG o.a.p.ModelValidator:62 - Validating with EServiceHandler: [com.example.AndroidClientTest.WebSocketService]
08:56:10.857 [Worker-22] DEBUG o.a.p.ModelValidator:62 - Validating with SystemServiceHandler: [notificationManager]
08:56:10.857 [Worker-22] DEBUG o.a.p.ModelValidator:62 - Validating with UiThreadHandler: [void showToast() ]
08:56:10.858 [Worker-22] INFO  o.a.p.ModelProcessor:73 - Processing root elements
08:56:10.859 [Worker-22] DEBUG o.a.p.ModelProcessor:80 - Processing root elements EServiceHandler: [com.example.AndroidClientTest.WebSocketService]
08:56:10.860 [Worker-22] INFO  o.a.p.ModelProcessor:104 - Processing enclosed elements
08:56:10.861 [Worker-22] INFO  o.a.AndroidAnnotationProcessor:251 - Number of files generated by AndroidAnnotations: 1
08:56:10.862 [Worker-22] INFO  o.a.g.ApiCodeGenerator:52 - Writting following API classes in project: []
08:56:10.863 [Worker-22] DEBUG o.a.g.SourceCodewriter:55 - Generating class: com.example.AndroidClientTest.WebSocketService_
08:56:10.869 [Worker-22] INFO  o.a.p.TimeStats:81 - Time measurements: [Whole Processing = 41 ms], [Find R Classes = 14 ms], [Extract Annotations = 8 ms], [Generate Sources = 8 ms], [Extract Manifest = 3 ms], [Validate Annotations = 3 ms], [Process Annotations = 3 ms], 
08:56:10.870 [Worker-22] INFO  o.a.AndroidAnnotationProcessor:123 - Finish processing
